running egg_info
creating ../build/ant_policy_node/ant_policy_node.egg-info
writing ../build/ant_policy_node/ant_policy_node.egg-info/PKG-INFO
writing dependency_links to ../build/ant_policy_node/ant_policy_node.egg-info/dependency_links.txt
writing requirements to ../build/ant_policy_node/ant_policy_node.egg-info/requires.txt
writing top-level names to ../build/ant_policy_node/ant_policy_node.egg-info/top_level.txt
writing manifest file '../build/ant_policy_node/ant_policy_node.egg-info/SOURCES.txt'
reading manifest file '../build/ant_policy_node/ant_policy_node.egg-info/SOURCES.txt'
writing manifest file '../build/ant_policy_node/ant_policy_node.egg-info/SOURCES.txt'
running build
running build_py
creating /home/ataub/IndustryChallenge/ws_aic/src/aic/build/ant_policy_node/build/lib/ant_policy_node
copying ant_policy_node/ANT.py -> /home/ataub/IndustryChallenge/ws_aic/src/aic/build/ant_policy_node/build/lib/ant_policy_node
copying ant_policy_node/__init__.py -> /home/ataub/IndustryChallenge/ws_aic/src/aic/build/ant_policy_node/build/lib/ant_policy_node
copying ant_policy_node/py.typed -> /home/ataub/IndustryChallenge/ws_aic/src/aic/build/ant_policy_node/build/lib/ant_policy_node
running install
running install_lib
creating /home/ataub/IndustryChallenge/ws_aic/src/aic/install/ant_policy_node/lib/python3.12/site-packages/ant_policy_node
copying /home/ataub/IndustryChallenge/ws_aic/src/aic/build/ant_policy_node/build/lib/ant_policy_node/py.typed -> /home/ataub/IndustryChallenge/ws_aic/src/aic/install/ant_policy_node/lib/python3.12/site-packages/ant_policy_node
copying /home/ataub/IndustryChallenge/ws_aic/src/aic/build/ant_policy_node/build/lib/ant_policy_node/ANT.py -> /home/ataub/IndustryChallenge/ws_aic/src/aic/install/ant_policy_node/lib/python3.12/site-packages/ant_policy_node
copying /home/ataub/IndustryChallenge/ws_aic/src/aic/build/ant_policy_node/build/lib/ant_policy_node/__init__.py -> /home/ataub/IndustryChallenge/ws_aic/src/aic/install/ant_policy_node/lib/python3.12/site-packages/ant_policy_node
byte-compiling /home/ataub/IndustryChallenge/ws_aic/src/aic/install/ant_policy_node/lib/python3.12/site-packages/ant_policy_node/ANT.py to ANT.cpython-312.pyc
byte-compiling /home/ataub/IndustryChallenge/ws_aic/src/aic/install/ant_policy_node/lib/python3.12/site-packages/ant_policy_node/__init__.py to __init__.cpython-312.pyc
running install_data
creating /home/ataub/IndustryChallenge/ws_aic/src/aic/install/ant_policy_node/share/ament_index/resource_index/packages
copying resource/ant_policy_node -> /home/ataub/IndustryChallenge/ws_aic/src/aic/install/ant_policy_node/share/ament_index/resource_index/packages
copying package.xml -> /home/ataub/IndustryChallenge/ws_aic/src/aic/install/ant_policy_node/share/ant_policy_node
running install_egg_info
Copying ../build/ant_policy_node/ant_policy_node.egg-info to /home/ataub/IndustryChallenge/ws_aic/src/aic/install/ant_policy_node/lib/python3.12/site-packages/ant_policy_node-0.0.0-py3.12.egg-info
running install_scripts
writing list of installed files to '/home/ataub/IndustryChallenge/ws_aic/src/aic/build/ant_policy_node/install.log'
