[0.170s] DEBUG:colcon:Command line arguments: ['/usr/bin/colcon', 'build', '--packages-select', 'ant_policy_node']
[0.170s] DEBUG:colcon:Parsed command line arguments: Namespace(log_base=None, log_level=None, verb_name='build', build_base='build', install_base='install', merge_install=False, symlink_install=False, test_result_base=None, continue_on_error=False, executor='parallel', parallel_workers=12, event_handlers=None, ignore_user_meta=False, metas=['./colcon.meta'], base_paths=['.'], packages_ignore=None, packages_ignore_regex=None, paths=None, packages_up_to=None, packages_up_to_regex=None, packages_above=None, packages_above_and_dependencies=None, packages_above_depth=None, packages_select_by_dep=None, packages_skip_by_dep=None, packages_skip_up_to=None, packages_select_build_failed=False, packages_skip_build_finished=False, packages_select_test_failures=False, packages_skip_test_passed=False, packages_select=['ant_policy_node'], packages_skip=None, packages_select_regex=None, packages_skip_regex=None, packages_start=None, packages_end=None, allow_overriding=[], cmake_args=None, cmake_target=None, cmake_target_skip_unavailable=False, cmake_clean_cache=False, cmake_clean_first=False, cmake_force_configure=False, ament_cmake_args=None, catkin_cmake_args=None, catkin_skip_building_tests=False, mixin_files=None, mixin=None, verb_parser=<colcon_mixin.mixin.mixin_argument.MixinArgumentDecorator object at 0x7782bb4c8ef0>, verb_extension=<colcon_core.verb.build.BuildVerb object at 0x7782bb5f64b0>, main=<bound method BuildVerb.main of <colcon_core.verb.build.BuildVerb object at 0x7782bb5f64b0>>, mixin_verb=('build',))
[0.209s] Level 1:colcon.colcon_core.package_discovery:discover_packages(colcon_meta) check parameters
[0.210s] Level 1:colcon.colcon_core.package_discovery:discover_packages(recursive) check parameters
[0.210s] Level 1:colcon.colcon_core.package_discovery:discover_packages(ignore) check parameters
[0.210s] Level 1:colcon.colcon_core.package_discovery:discover_packages(path) check parameters
[0.210s] Level 1:colcon.colcon_core.package_discovery:discover_packages(colcon_meta) discover
[0.210s] Level 1:colcon.colcon_core.package_discovery:discover_packages(recursive) discover
[0.210s] INFO:colcon.colcon_core.package_discovery:Crawling recursively for packages in '/home/ataub/IndustryChallenge/ws_aic/src/aic/ant_policy_node'
[0.210s] Level 1:colcon.colcon_core.package_identification:_identify(.) by extensions ['ignore', 'ignore_ament_install']
[0.210s] Level 1:colcon.colcon_core.package_identification:_identify(.) by extension 'ignore'
[0.210s] Level 1:colcon.colcon_core.package_identification:_identify(.) by extension 'ignore_ament_install'
[0.210s] Level 1:colcon.colcon_core.package_identification:_identify(.) by extensions ['colcon_pkg']
[0.210s] Level 1:colcon.colcon_core.package_identification:_identify(.) by extension 'colcon_pkg'
[0.210s] Level 1:colcon.colcon_core.package_identification:_identify(.) by extensions ['colcon_meta']
[0.210s] Level 1:colcon.colcon_core.package_identification:_identify(.) by extension 'colcon_meta'
[0.210s] Level 1:colcon.colcon_core.package_identification:_identify(.) by extensions ['ros']
[0.210s] Level 1:colcon.colcon_core.package_identification:_identify(.) by extension 'ros'
[0.239s] DEBUG:colcon.colcon_core.package_identification:Package '.' with type 'ros.ament_python' and name 'ant_policy_node'
[0.239s] Level 1:colcon.colcon_core.package_discovery:discover_packages(recursive) using defaults
[0.239s] Level 1:colcon.colcon_core.package_discovery:discover_packages(ignore) discover
[0.240s] Level 1:colcon.colcon_core.package_discovery:discover_packages(ignore) using defaults
[0.240s] Level 1:colcon.colcon_core.package_discovery:discover_packages(path) discover
[0.240s] Level 1:colcon.colcon_core.package_discovery:discover_packages(path) using defaults
[0.258s] Level 1:colcon.colcon_core.package_discovery:discover_packages(prefix_path) check parameters
[0.258s] Level 1:colcon.colcon_core.package_discovery:discover_packages(prefix_path) discover
[0.262s] DEBUG:colcon.colcon_installed_package_information.package_discovery:Found 178 installed packages in /home/ataub/IndustryChallenge/ws_aic/src/aic/.pixi/envs/default
[0.262s] Level 1:colcon.colcon_core.package_discovery:discover_packages(prefix_path) using defaults
[0.289s] Level 5:colcon.colcon_core.verb:set package 'ant_policy_node' build argument 'cmake_args' from command line to 'None'
[0.290s] Level 5:colcon.colcon_core.verb:set package 'ant_policy_node' build argument 'cmake_target' from command line to 'None'
[0.290s] Level 5:colcon.colcon_core.verb:set package 'ant_policy_node' build argument 'cmake_target_skip_unavailable' from command line to 'False'
[0.290s] Level 5:colcon.colcon_core.verb:set package 'ant_policy_node' build argument 'cmake_clean_cache' from command line to 'False'
[0.290s] Level 5:colcon.colcon_core.verb:set package 'ant_policy_node' build argument 'cmake_clean_first' from command line to 'False'
[0.290s] Level 5:colcon.colcon_core.verb:set package 'ant_policy_node' build argument 'cmake_force_configure' from command line to 'False'
[0.290s] Level 5:colcon.colcon_core.verb:set package 'ant_policy_node' build argument 'ament_cmake_args' from command line to 'None'
[0.290s] Level 5:colcon.colcon_core.verb:set package 'ant_policy_node' build argument 'catkin_cmake_args' from command line to 'None'
[0.290s] Level 5:colcon.colcon_core.verb:set package 'ant_policy_node' build argument 'catkin_skip_building_tests' from command line to 'False'
[0.290s] DEBUG:colcon.colcon_core.verb:Building package 'ant_policy_node' with the following arguments: {'ament_cmake_args': None, 'build_base': '/home/ataub/IndustryChallenge/ws_aic/src/aic/ant_policy_node/build/ant_policy_node', 'catkin_cmake_args': None, 'catkin_skip_building_tests': False, 'cmake_args': None, 'cmake_clean_cache': False, 'cmake_clean_first': False, 'cmake_force_configure': False, 'cmake_target': None, 'cmake_target_skip_unavailable': False, 'install_base': '/home/ataub/IndustryChallenge/ws_aic/src/aic/ant_policy_node/install/ant_policy_node', 'merge_install': False, 'path': '/home/ataub/IndustryChallenge/ws_aic/src/aic/ant_policy_node', 'symlink_install': False, 'test_result_base': None}
[0.290s] INFO:colcon.colcon_core.executor:Executing jobs using 'parallel' executor
[0.291s] DEBUG:colcon.colcon_parallel_executor.executor.parallel:run_until_complete
[0.291s] INFO:colcon.colcon_ros.task.ament_python.build:Building ROS package in '/home/ataub/IndustryChallenge/ws_aic/src/aic/ant_policy_node' with build type 'ament_python'
[0.291s] Level 1:colcon.colcon_core.shell:create_environment_hook('ant_policy_node', 'ament_prefix_path')
[0.296s] INFO:colcon.colcon_core.plugin_system:Skipping extension 'colcon_core.shell.bat': Not used on non-Windows systems
[0.296s] INFO:colcon.colcon_core.shell:Creating environment hook '/home/ataub/IndustryChallenge/ws_aic/src/aic/ant_policy_node/install/ant_policy_node/share/ant_policy_node/hook/ament_prefix_path.ps1'
[0.297s] INFO:colcon.colcon_core.shell:Creating environment descriptor '/home/ataub/IndustryChallenge/ws_aic/src/aic/ant_policy_node/install/ant_policy_node/share/ant_policy_node/hook/ament_prefix_path.dsv'
[0.297s] INFO:colcon.colcon_core.shell:Creating environment hook '/home/ataub/IndustryChallenge/ws_aic/src/aic/ant_policy_node/install/ant_policy_node/share/ant_policy_node/hook/ament_prefix_path.sh'
[0.298s] INFO:colcon.colcon_core.shell:Skip shell extension 'powershell' for command environment: Not usable outside of PowerShell
[0.298s] DEBUG:colcon.colcon_core.shell:Skip shell extension 'dsv' for command environment
[0.550s] INFO:colcon.colcon_core.task.python.build:Building Python package in '/home/ataub/IndustryChallenge/ws_aic/src/aic/ant_policy_node'
[0.551s] INFO:colcon.colcon_core.shell:Skip shell extension 'powershell' for command environment: Not usable outside of PowerShell
[0.551s] DEBUG:colcon.colcon_core.shell:Skip shell extension 'dsv' for command environment
[1.161s] DEBUG:colcon.colcon_core.event_handler.log_command:Invoking command in '/home/ataub/IndustryChallenge/ws_aic/src/aic/ant_policy_node': DEBUGINFOD_URLS=https://debuginfod.ubuntu.com PIXI_PROMPT=(aic) PYTHONPATH=/home/ataub/IndustryChallenge/ws_aic/src/aic/ant_policy_node/build/ant_policy_node/prefix_override:/usr/lib/python3/dist-packages/colcon_core/task/python/colcon_distutils_commands:/home/ataub/IndustryChallenge/ws_aic/src/aic/ant_policy_node/install/ant_policy_node/lib/python3.12/site-packages:${PYTHONPATH} /usr/bin/python3 -W ignore:setup.py install is deprecated -W ignore:easy_install command is deprecated setup.py egg_info --egg-base build/ant_policy_node build --build-base /home/ataub/IndustryChallenge/ws_aic/src/aic/ant_policy_node/build/ant_policy_node/build install --record /home/ataub/IndustryChallenge/ws_aic/src/aic/ant_policy_node/build/ant_policy_node/install.log --single-version-externally-managed install_data
[1.694s] DEBUG:colcon.colcon_core.event_handler.log_command:Invoked command in '/home/ataub/IndustryChallenge/ws_aic/src/aic/ant_policy_node' returned '0': DEBUGINFOD_URLS=https://debuginfod.ubuntu.com PIXI_PROMPT=(aic) PYTHONPATH=/home/ataub/IndustryChallenge/ws_aic/src/aic/ant_policy_node/build/ant_policy_node/prefix_override:/usr/lib/python3/dist-packages/colcon_core/task/python/colcon_distutils_commands:/home/ataub/IndustryChallenge/ws_aic/src/aic/ant_policy_node/install/ant_policy_node/lib/python3.12/site-packages:${PYTHONPATH} /usr/bin/python3 -W ignore:setup.py install is deprecated -W ignore:easy_install command is deprecated setup.py egg_info --egg-base build/ant_policy_node build --build-base /home/ataub/IndustryChallenge/ws_aic/src/aic/ant_policy_node/build/ant_policy_node/build install --record /home/ataub/IndustryChallenge/ws_aic/src/aic/ant_policy_node/build/ant_policy_node/install.log --single-version-externally-managed install_data
[1.698s] Level 1:colcon.colcon_core.environment:checking '/home/ataub/IndustryChallenge/ws_aic/src/aic/ant_policy_node/install/ant_policy_node' for CMake module files
[1.699s] Level 1:colcon.colcon_core.environment:checking '/home/ataub/IndustryChallenge/ws_aic/src/aic/ant_policy_node/install/ant_policy_node' for CMake config files
[1.699s] Level 1:colcon.colcon_core.environment:checking '/home/ataub/IndustryChallenge/ws_aic/src/aic/ant_policy_node/install/ant_policy_node/lib'
[1.699s] Level 1:colcon.colcon_core.environment:checking '/home/ataub/IndustryChallenge/ws_aic/src/aic/ant_policy_node/install/ant_policy_node/bin'
[1.699s] Level 1:colcon.colcon_core.environment:checking '/home/ataub/IndustryChallenge/ws_aic/src/aic/ant_policy_node/install/ant_policy_node/lib/pkgconfig/ant_policy_node.pc'
[1.700s] Level 1:colcon.colcon_core.environment:checking '/home/ataub/IndustryChallenge/ws_aic/src/aic/ant_policy_node/install/ant_policy_node/lib/python3.12/site-packages'
[1.700s] Level 1:colcon.colcon_core.shell:create_environment_hook('ant_policy_node', 'pythonpath')
[1.700s] INFO:colcon.colcon_core.shell:Creating environment hook '/home/ataub/IndustryChallenge/ws_aic/src/aic/ant_policy_node/install/ant_policy_node/share/ant_policy_node/hook/pythonpath.ps1'
[1.700s] INFO:colcon.colcon_core.shell:Creating environment descriptor '/home/ataub/IndustryChallenge/ws_aic/src/aic/ant_policy_node/install/ant_policy_node/share/ant_policy_node/hook/pythonpath.dsv'
[1.701s] INFO:colcon.colcon_core.shell:Creating environment hook '/home/ataub/IndustryChallenge/ws_aic/src/aic/ant_policy_node/install/ant_policy_node/share/ant_policy_node/hook/pythonpath.sh'
[1.701s] Level 1:colcon.colcon_core.environment:checking '/home/ataub/IndustryChallenge/ws_aic/src/aic/ant_policy_node/install/ant_policy_node/bin'
[1.701s] Level 1:colcon.colcon_core.environment:create_environment_scripts_only(ant_policy_node)
[1.701s] INFO:colcon.colcon_core.shell:Creating package script '/home/ataub/IndustryChallenge/ws_aic/src/aic/ant_policy_node/install/ant_policy_node/share/ant_policy_node/package.ps1'
[1.702s] INFO:colcon.colcon_core.shell:Creating package descriptor '/home/ataub/IndustryChallenge/ws_aic/src/aic/ant_policy_node/install/ant_policy_node/share/ant_policy_node/package.dsv'
[1.702s] INFO:colcon.colcon_core.shell:Creating package script '/home/ataub/IndustryChallenge/ws_aic/src/aic/ant_policy_node/install/ant_policy_node/share/ant_policy_node/package.sh'
[1.703s] INFO:colcon.colcon_core.shell:Creating package script '/home/ataub/IndustryChallenge/ws_aic/src/aic/ant_policy_node/install/ant_policy_node/share/ant_policy_node/package.bash'
[1.703s] INFO:colcon.colcon_core.shell:Creating package script '/home/ataub/IndustryChallenge/ws_aic/src/aic/ant_policy_node/install/ant_policy_node/share/ant_policy_node/package.zsh'
[1.704s] Level 1:colcon.colcon_core.environment:create_file_with_runtime_dependencies(/home/ataub/IndustryChallenge/ws_aic/src/aic/ant_policy_node/install/ant_policy_node/share/colcon-core/packages/ant_policy_node)
[1.704s] DEBUG:colcon.colcon_parallel_executor.executor.parallel:closing loop
[1.704s] DEBUG:colcon.colcon_parallel_executor.executor.parallel:loop closed
[1.704s] DEBUG:colcon.colcon_parallel_executor.executor.parallel:run_until_complete finished with '0'
[1.704s] DEBUG:colcon.colcon_core.event_reactor:joining thread
[1.710s] INFO:colcon.colcon_core.plugin_system:Skipping extension 'colcon_notification.desktop_notification.terminal_notifier': Not used on non-Darwin systems
[1.710s] INFO:colcon.colcon_core.plugin_system:Skipping extension 'colcon_notification.desktop_notification.win32': Not used on non-Windows systems
[1.710s] INFO:colcon.colcon_notification.desktop_notification:Sending desktop notification using 'notify2'
[1.723s] DEBUG:colcon.colcon_core.event_reactor:joined thread
[1.723s] INFO:colcon.colcon_core.shell:Creating prefix script '/home/ataub/IndustryChallenge/ws_aic/src/aic/ant_policy_node/install/local_setup.ps1'
[1.724s] INFO:colcon.colcon_core.shell:Creating prefix util module '/home/ataub/IndustryChallenge/ws_aic/src/aic/ant_policy_node/install/_local_setup_util_ps1.py'
[1.725s] INFO:colcon.colcon_core.shell:Creating prefix chain script '/home/ataub/IndustryChallenge/ws_aic/src/aic/ant_policy_node/install/setup.ps1'
[1.725s] INFO:colcon.colcon_core.shell:Creating prefix script '/home/ataub/IndustryChallenge/ws_aic/src/aic/ant_policy_node/install/local_setup.sh'
[1.726s] INFO:colcon.colcon_core.shell:Creating prefix util module '/home/ataub/IndustryChallenge/ws_aic/src/aic/ant_policy_node/install/_local_setup_util_sh.py'
[1.726s] INFO:colcon.colcon_core.shell:Creating prefix chain script '/home/ataub/IndustryChallenge/ws_aic/src/aic/ant_policy_node/install/setup.sh'
[1.727s] INFO:colcon.colcon_core.shell:Creating prefix script '/home/ataub/IndustryChallenge/ws_aic/src/aic/ant_policy_node/install/local_setup.bash'
[1.727s] INFO:colcon.colcon_core.shell:Creating prefix chain script '/home/ataub/IndustryChallenge/ws_aic/src/aic/ant_policy_node/install/setup.bash'
[1.728s] INFO:colcon.colcon_core.shell:Creating prefix script '/home/ataub/IndustryChallenge/ws_aic/src/aic/ant_policy_node/install/local_setup.zsh'
[1.729s] INFO:colcon.colcon_core.shell:Creating prefix chain script '/home/ataub/IndustryChallenge/ws_aic/src/aic/ant_policy_node/install/setup.zsh'
