1777994517.3623846 [INFO] [launch]: All log files can be found below /home/ataub/.ros/log/2026-05-05-08-21-57-359691-aic_eval.cobalt-2607816
1777994517.3625431 [INFO] [launch]: Default logging verbosity is set to INFO
1777994518.3067904 [INFO] [robot_state_publisher-1]: process started with pid [2607904]
1777994518.3070698 [INFO] [aic_adapter-2]: process started with pid [2607905]
1777994518.3072259 [INFO] [component_container-3]: process started with pid [2607906]
1777994518.3073869 [INFO] [gz-4]: process started with pid [2607907]
1777994518.3075004 [INFO] [create-5]: process started with pid [2607908]
1777994518.3076079 [INFO] [aic_engine-6]: process started with pid [2607909]
1777994518.3574533 [robot_state_publisher-1] [INFO] [1777994518.357184957] [robot_state_publisher]: Robot initialized
1777994518.3577578 [aic_adapter-2] [INFO] [1777994518.357183548] [aic_adapter_node]: Adapter node initialization complete.
1777994518.4433637 [INFO] [launch_ros.actions.load_composable_nodes]: Loaded node '/gz_server' in container '/ros_gz_container'
1777994518.5044763 [INFO] [launch_ros.actions.load_composable_nodes]: Loaded node '/ros_gz_bridge' in container 'ros_gz_container'
1777994520.7638609 [INFO] [create-5]: process has finished cleanly [pid 2607908]
1777994520.7664063 [INFO] [spawner-7]: process started with pid [2608033]
1777994520.7665009 [INFO] [spawner-8]: process started with pid [2608034]
1777994521.1185067 [spawner-8] [INFO] [1777994521.118338152] [spawner_fts_broadcaster]: Loaded fts_broadcaster
1777994522.9853063 [spawner-8] [INFO] [1777994522.985118282] [spawner_fts_broadcaster]: Configured and activated fts_broadcaster
1777994523.0442367 [INFO] [spawner-8]: process has finished cleanly [pid 2608034]
1777994523.7151120 [spawner-7] [INFO] [1777994523.714893742] [spawner_joint_state_broadcaster]: Loaded joint_state_broadcaster
1777994525.9820492 [spawner-7] [INFO] [1777994525.981393713] [spawner_joint_state_broadcaster]: Configured and activated joint_state_broadcaster
1777994526.0492718 [INFO] [spawner-7]: process has finished cleanly [pid 2608033]
1777994526.0512521 [INFO] [spawner-9]: process started with pid [2608182]
1777994526.4538026 [spawner-9] [INFO] [1777994526.453497152] [spawner_aic_controller]: Loaded aic_controller
1777994526.4715247 [spawner-9] [INFO] [1777994526.471354161] [spawner_aic_controller]: Configured and activated all the parsed controllers list : ['aic_controller']!
1777994526.5172467 [INFO] [spawner-9]: process has finished cleanly [pid 2608182]
1777994526.5190551 [INFO] [rviz2-10]: process started with pid [2608213]
1777994526.6508894 [rviz2-10] Gtk-Message: 08:22:06.650: Failed to load module "canberra-gtk-module"
1777994526.6512413 [rviz2-10] Gtk-Message: 08:22:06.651: Failed to load module "canberra-gtk-module"
1777994533.7071998 [rviz2-10] _IceTransSocketUNIXConnect: Cannot connect to non-local host cobalt
1777994533.7587471 [rviz2-10] _IceTransSocketUNIXConnect: Cannot connect to non-local host cobalt
1777994533.7588766 [rviz2-10] Qt: Session management error: Could not open network socket
1777994534.1608262 [rviz2-10] [INFO] [1777994534.160628350] [rviz2]: Stereo is NOT SUPPORTED
1777994534.1612241 [rviz2-10] [INFO] [1777994534.160745127] [rviz2]: OpenGl version: 4.6 (GLSL 4.6)
1777994534.1988668 [rviz2-10] [INFO] [1777994534.198656934] [rviz2]: Stereo is NOT SUPPORTED
1777994534.3770602 [rviz2-10] [INFO] [1777994534.376851241] [rviz2]: Stereo is NOT SUPPORTED
1778006574.1976533 [INFO] [aic_engine-6]: process has finished cleanly [pid 2607909]
1778030271.1014214 [WARNING] [launch]: user interrupted with ctrl-c (SIGINT)
1778030272.0284934 [INFO] [robot_state_publisher-1]: process has finished cleanly [pid 2607904]
1778030272.0288646 [INFO] [aic_adapter-2]: process has finished cleanly [pid 2607905]
1778030272.0290089 [INFO] [rviz2-10]: process has finished cleanly [pid 2608213]
1778030272.0296299 [rviz2-10] [INFO] [1778030271.088776281] [rclcpp]: signal_handler(SIGINT/SIGTERM)
1778030272.0301147 [aic_adapter-2] [INFO] [1778030271.089104392] [rclcpp]: signal_handler(SIGINT/SIGTERM)
1778030272.0305455 [robot_state_publisher-1] [INFO] [1778030271.089898886] [rclcpp]: signal_handler(SIGINT/SIGTERM)
1778030272.0337293 [ERROR] [component_container-3]: process has died [pid 2607906, exit code -6, cmd '/opt/ros/kilted/lib/rclcpp_components/component_container --ros-args -r __node:=ros_gz_container -r __ns:=/'].
1778030277.0346301 [ERROR] [gz-4]: process[gz-4] failed to terminate '5' seconds after receiving 'SIGINT', escalating to 'SIGTERM'
1778030277.0377634 [INFO] [gz-4]: sending signal 'SIGTERM' to process[gz-4]
1778030282.0341990 [ERROR] [gz-4]: process[gz-4] failed to terminate '10.0' seconds after receiving 'SIGTERM', escalating to 'SIGKILL'
1778030282.0409229 [INFO] [gz-4]: sending signal 'SIGKILL' to process[gz-4]
1778030282.1246629 [ERROR] [gz-4]: process has died [pid 2607907, exit code -9, cmd 'gz sim -g'].
